<?xml version="1.0" encoding="UTF-8"?>
<!-- Generated by org.testng.reporters.JUnitXMLReporter -->
<testsuite hostname="Nividous" ignored="0" name="POM DataDriven Test Cases" tests="2" failures="0" timestamp="28 Sep 2018 13:59:56 GMT" time="31.201" errors="0">
  <testcase name="loginPageTitleTest" time="0.05" classname="com.test.qa.testcases.LoginPageTest"/>
  <testcase name="loginTest" time="2.532" classname="com.test.qa.testcases.LoginPageTest"/>
</testsuite> <!-- POM DataDriven Test Cases -->
